<?xml version="1.0" encoding="UTF-8"?>
<!-- Generated by org.testng.reporters.JUnitReportReporter -->
<testsuite hostname="CD059" name="GitGroup.GitArt.google" tests="1" failures="0" timestamp="27 Jul 2018 05:13:38 GMT" time="15.329" errors="0">
  <testcase name="f" time="15.329" classname="GitGroup.GitArt.google"/>
</testsuite> <!-- GitGroup.GitArt.google -->
