<?xml version="1.0" encoding="UTF-8"?>
<!-- Generated by org.testng.reporters.JUnitReportReporter -->
<testsuite hostname="CD059" name="GitGroup.GitArt.google" tests="1" failures="0" timestamp="27 Jul 2018 08:31:53 GMT" time="9.607" errors="0">
  <testcase name="f" time="9.607" classname="GitGroup.GitArt.google"/>
</testsuite> <!-- GitGroup.GitArt.google -->
